[2025-11-01 02:41:29] start requested on port 5000 using C:\Users\bibek\AppData\Local\Programs\Python\Python313\python.exe
timeout waiting for server; tail follows:
Traceback (most recent call last):
  File "d:\lan share\server.py", line 2, in <module>
    from flask import Flask, send_from_directory, request
ModuleNotFoundError: No module named 'flask'

[2025-11-01 02:43:30] start requested on port 5000 using C:\Users\bibek\AppData\Local\Programs\Python\Python313\python.exe
timeout waiting for server; tail follows:
Traceback (most recent call last):
  File "d:\lan share\server.py", line 2, in <module>
    from flask import Flask, send_from_directory, request
ModuleNotFoundError: No module named 'flask'
Traceback (most recent call last):
  File "d:\lan share\server.py", line 2, in <module>
    from flask import Flask, send_from_directory, request
ModuleNotFoundError: No module named 'flask'

[2025-11-01 02:45:38] start requested on port 5000 using C:\Users\bibek\AppData\Local\Programs\Python\Python313\python.exe
timeout waiting for server; tail follows:
Traceback (most recent call last):
  File "d:\lan share\server.py", line 2, in <module>
    from flask import Flask, send_from_directory, request
ModuleNotFoundError: No module named 'flask'
Traceback (most recent call last):
  File "d:\lan share\server.py", line 2, in <module>
    from flask import Flask, send_from_directory, request
ModuleNotFoundError: No module named 'flask'
Traceback (most recent call last):
  File "d:\lan share\server.py", line 64, in <module>
    print(f"\U0001f4f1 QR code saved as {qr_file} (points to {url})")
    ~~~~~^^^^^^^^^^^^^^^^^^^^^^^^^^^^^^^^^^^^^^^^^^^^^^^^^^^^
  File "C:\Users\bibek\AppData\Local\Programs\Python\Python313\Lib\encodings\cp1252.py", line 19, in encode
    return codecs.charmap_encode(input,self.errors,encoding_table)[0]
           ~~~~~~~~~~~~~~~~~~~~~^^^^^^^^^^^^^^^^^^^^^^^^^^^^^^^^^^
UnicodeEncodeError: 'charmap' codec can't encode character '\U0001f4f1' in position 0: character maps to <undefined>

During handling of the above exception, another exception occurred:

Traceback (most recent call last):
  File "d:\lan share\server.py", line 66, in <module>
    print("\u26a0\ufe0f Could not generate QR code:", e)
    ~~~~~^^^^^^^^^^^^^^^^^^^^^^^^^^^^^^^^^^^^^
  File "C:\Users\bibek\AppData\Local\Programs\Python\Python313\Lib\encodings\cp1252.py", line 19, in encode
    return codecs.charmap_encode(input,self.errors,encoding_table)[0]
           ~~~~~~~~~~~~~~~~~~~~~^^^^^^^^^^^^^^^^^^^^^^^^^^^^^^^^^^
UnicodeEncodeError: 'charmap' codec can't encode characters in position 0-1: character maps to <undefined>

[2025-11-01 02:47:45] start requested on port 5000 using C:\Users\bibek\AppData\Local\Programs\Python\Python313\python.exe
timeout waiting for server; tail follows:
dError: No module named 'flask'
Traceback (most recent call last):
  File "d:\lan share\server.py", line 64, in <module>
    print(f"\U0001f4f1 QR code saved as {qr_file} (points to {url})")
    ~~~~~^^^^^^^^^^^^^^^^^^^^^^^^^^^^^^^^^^^^^^^^^^^^^^^^^^^^
  File "C:\Users\bibek\AppData\Local\Programs\Python\Python313\Lib\encodings\cp1252.py", line 19, in encode
    return codecs.charmap_encode(input,self.errors,encoding_table)[0]
           ~~~~~~~~~~~~~~~~~~~~~^^^^^^^^^^^^^^^^^^^^^^^^^^^^^^^^^^
UnicodeEncodeError: 'charmap' codec can't encode character '\U0001f4f1' in position 0: character maps to <undefined>

During handling of the above exception, another exception occurred:

Traceback (most recent call last):
  File "d:\lan share\server.py", line 66, in <module>
    print("\u26a0\ufe0f Could not generate QR code:", e)
    ~~~~~^^^^^^^^^^^^^^^^^^^^^^^^^^^^^^^^^^^^^
  File "C:\Users\bibek\AppData\Local\Programs\Python\Python313\Lib\encodings\cp1252.py", line 19, in encode
    return codecs.charmap_encode(input,self.errors,encoding_table)[0]
           ~~~~~~~~~~~~~~~~~~~~~^^^^^^^^^^^^^^^^^^^^^^^^^^^^^^^^^^
UnicodeEncodeError: 'charmap' codec can't encode characters in position 0-1: character maps to <undefined>
ðŸ“± QR code saved as lan_share_qr.png (points to http://192.168.18.7:5000/)

ðŸ”— Open on other devices: http://192.168.18.7:5000/

Traceback (most recent call last):
  File "d:\lan share\server.py", line 70, in <module>
    socketio.run(app, host='0.0.0.0', port=port)
    ~~~~~~~~~~~~^^^^^^^^^^^^^^^^^^^^^^^^^^^^^^^^
  File "C:\Users\bibek\AppData\Local\Programs\Python\Python313\Lib\site-packages\flask_socketio\__init__.py", line 650, in run
    raise RuntimeError('The Werkzeug web server is not '
    ...<2 lines>...
                       'run() method to disable this error.')
RuntimeError: The Werkzeug web server is not designed to run in production. Pass allow_unsafe_werkzeug=True to the run() method to disable this error.

[2025-11-01 02:50:04] start requested on port 5000 using C:\Users\bibek\AppData\Local\Programs\Python\Python313\python.exe
