Traceback (most recent call last):
  File "d:\lan share\server.py", line 2, in <module>
    from flask import Flask, send_from_directory, request
ModuleNotFoundError: No module named 'flask'
Traceback (most recent call last):
  File "d:\lan share\server.py", line 2, in <module>
    from flask import Flask, send_from_directory, request
ModuleNotFoundError: No module named 'flask'
Traceback (most recent call last):
  File "d:\lan share\server.py", line 64, in <module>
    print(f"\U0001f4f1 QR code saved as {qr_file} (points to {url})")
    ~~~~~^^^^^^^^^^^^^^^^^^^^^^^^^^^^^^^^^^^^^^^^^^^^^^^^^^^^
  File "C:\Users\bibek\AppData\Local\Programs\Python\Python313\Lib\encodings\cp1252.py", line 19, in encode
    return codecs.charmap_encode(input,self.errors,encoding_table)[0]
           ~~~~~~~~~~~~~~~~~~~~~^^^^^^^^^^^^^^^^^^^^^^^^^^^^^^^^^^
UnicodeEncodeError: 'charmap' codec can't encode character '\U0001f4f1' in position 0: character maps to <undefined>

During handling of the above exception, another exception occurred:

Traceback (most recent call last):
  File "d:\lan share\server.py", line 66, in <module>
    print("\u26a0\ufe0f Could not generate QR code:", e)
    ~~~~~^^^^^^^^^^^^^^^^^^^^^^^^^^^^^^^^^^^^^
  File "C:\Users\bibek\AppData\Local\Programs\Python\Python313\Lib\encodings\cp1252.py", line 19, in encode
    return codecs.charmap_encode(input,self.errors,encoding_table)[0]
           ~~~~~~~~~~~~~~~~~~~~~^^^^^^^^^^^^^^^^^^^^^^^^^^^^^^^^^^
UnicodeEncodeError: 'charmap' codec can't encode characters in position 0-1: character maps to <undefined>
ðŸ“± QR code saved as lan_share_qr.png (points to http://192.168.18.7:5000/)

ðŸ”— Open on other devices: http://192.168.18.7:5000/

Traceback (most recent call last):
  File "d:\lan share\server.py", line 70, in <module>
    socketio.run(app, host='0.0.0.0', port=port)
    ~~~~~~~~~~~~^^^^^^^^^^^^^^^^^^^^^^^^^^^^^^^^
  File "C:\Users\bibek\AppData\Local\Programs\Python\Python313\Lib\site-packages\flask_socketio\__init__.py", line 650, in run
    raise RuntimeError('The Werkzeug web server is not '
    ...<2 lines>...
                       'run() method to disable this error.')
RuntimeError: The Werkzeug web server is not designed to run in production. Pass allow_unsafe_werkzeug=True to the run() method to disable this error.
Werkzeug appears to be used in a production deployment. Consider switching to a production web server instead.
ðŸ“± QR code saved as lan_share_qr.png (points to http://192.168.18.7:5000/)

ðŸ”— Open on other devices: http://192.168.18.7:5000/

 * Serving Flask app 'server'
 * Debug mode: off
WARNING: This is a development server. Do not use it in a production deployment. Use a production WSGI server instead.
 * Running on all addresses (0.0.0.0)
 * Running on http://127.0.0.1:5000
 * Running on http://192.168.18.7:5000
Press CTRL+C to quit
